<?xml version="1.0" encoding="UTF-8"?>
<!-- Generated by org.testng.reporters.JUnitXMLReporter -->
<testsuite ignored="0" hostname="DESKTOP-2KMJGCO" failures="1" tests="1" name="Test" time="0.48" errors="0" timestamp="26 Jul 2022 06:10:28 GMT">
  <testcase classname="testCases.BankManagerLoginTest" name="loginAsBankManager" time="0.431">
    <failure type="java.lang.NullPointerException" message="Cannot invoke &amp;quot;com.aventstack.extentreports.ExtentTest.log(com.aventstack.extentreports.Status, String)&amp;quot; because &amp;quot;extentlisteners.ExtentListeners.test&amp;quot; is null">
      <![CDATA[java.lang.NullPointerException: Cannot invoke "com.aventstack.extentreports.ExtentTest.log(com.aventstack.extentreports.Status, String)" because "extentlisteners.ExtentListeners.test" is null
at baseTest.BaseTest.click(BaseTest.java:49)
at testCases.BankManagerLoginTest.loginAsBankManager(BankManagerLoginTest.java:15)
... Removed 25 stack frames]]>
    </failure>
  </testcase> <!-- loginAsBankManager -->
</testsuite> <!-- Test -->
