<?xml version="1.0" encoding="UTF-8"?>
<testng-results ignored="0" total="1" passed="1" failed="0" skipped="0">
  <reporter-output>
  </reporter-output>
  <suite started-at="2022-07-26T06:22:34Z" name="Suite" finished-at="2022-07-26T06:22:35Z" duration-ms="1068">
    <groups>
    </groups>
    <test started-at="2022-07-26T06:22:34Z" name="Bank Manager Login Test" finished-at="2022-07-26T06:22:35Z" duration-ms="1068">
      <class name="testCases.BankManagerLoginTest">
        <test-method is-config="true" signature="setUp()[pri:0, instance:testCases.BankManagerLoginTest@2c95ac9e]" started-at="2022-07-26T06:22:22Z" name="setUp" finished-at="2022-07-26T06:22:34Z" duration-ms="11930" status="PASS">
          <reporter-output>
          </reporter-output>
        </test-method> <!-- setUp -->
        <test-method signature="loginAsBankManager()[pri:0, instance:testCases.BankManagerLoginTest@2c95ac9e]" started-at="2022-07-26T06:22:34Z" name="loginAsBankManager" finished-at="2022-07-26T06:22:35Z" duration-ms="1038" status="PASS">
          <reporter-output>
          </reporter-output>
        </test-method> <!-- loginAsBankManager -->
        <test-method is-config="true" signature="tearDown()[pri:0, instance:testCases.BankManagerLoginTest@2c95ac9e]" started-at="2022-07-26T06:22:36Z" name="tearDown" finished-at="2022-07-26T06:22:36Z" duration-ms="302" status="PASS">
          <reporter-output>
          </reporter-output>
        </test-method> <!-- tearDown -->
      </class> <!-- testCases.BankManagerLoginTest -->
    </test> <!-- Bank Manager Login Test -->
  </suite> <!-- Suite -->
</testng-results>
